[00:38:31] [main/WARN]: Ambiguity between arguments [teleport, destination] and [teleport, targets] with inputs: [Player, 0123, @e, dd12be42-52a9-4a91-a8a1-11c01849e498]
[00:38:31] [main/WARN]: Ambiguity between arguments [teleport, location] and [teleport, destination] with inputs: [0.1 -0.5 .9, 0 0 0]
[00:38:31] [main/WARN]: Ambiguity between arguments [teleport, location] and [teleport, targets] with inputs: [0.1 -0.5 .9, 0 0 0]
[00:38:31] [main/WARN]: Ambiguity between arguments [teleport, targets] and [teleport, destination] with inputs: [Player, 0123, dd12be42-52a9-4a91-a8a1-11c01849e498]
[00:38:31] [main/WARN]: Ambiguity between arguments [teleport, targets, location] and [teleport, targets, destination] with inputs: [0.1 -0.5 .9, 0 0 0]
[00:38:32] [Server thread/INFO]: Starting minecraft server version 1.14.4
[00:38:32] [Server thread/INFO]: Loading properties
[00:38:32] [Server thread/INFO]: Default game type: SURVIVAL
[00:38:32] [Server thread/INFO]: Generating keypair
[00:38:32] [Server thread/INFO]: Starting Minecraft server on *:25565
[00:38:32] [Server thread/INFO]: Using epoll channel type
[00:38:32] [Server thread/WARN]: Failed to load operators list: 
com.google.gson.JsonParseException: com.google.gson.stream.MalformedJsonException: Use JsonReader.setLenient(true) to accept malformed JSON at line 1 column 2 path $[0]
	at zs.a(SourceFile:507) ~[minecraft_server.jar:?]
	at zs.a(SourceFile:523) ~[minecraft_server.jar:?]
	at xz.g(SourceFile:146) ~[minecraft_server.jar:?]
	at uj.A(SourceFile:106) [minecraft_server.jar:?]
	at uj.<init>(SourceFile:29) [minecraft_server.jar:?]
	at uk.d(SourceFile:185) [minecraft_server.jar:?]
	at net.minecraft.server.MinecraftServer.run(SourceFile:615) [minecraft_server.jar:?]
	at java.lang.Thread.run(Thread.java:748) [?:1.8.0_232]
Caused by: com.google.gson.stream.MalformedJsonException: Use JsonReader.setLenient(true) to accept malformed JSON at line 1 column 2 path $[0]
	at com.google.gson.stream.JsonReader.syntaxError(JsonReader.java:1559) ~[minecraft_server.jar:?]
	at com.google.gson.stream.JsonReader.checkLenient(JsonReader.java:1401) ~[minecraft_server.jar:?]
	at com.google.gson.stream.JsonReader.doPeek(JsonReader.java:593) ~[minecraft_server.jar:?]
	at com.google.gson.stream.JsonReader.hasNext(JsonReader.java:414) ~[minecraft_server.jar:?]
	at com.google.gson.internal.bind.CollectionTypeAdapterFactory$Adapter.read(CollectionTypeAdapterFactory.java:81) ~[minecraft_server.jar:?]
	at com.google.gson.internal.bind.CollectionTypeAdapterFactory$Adapter.read(CollectionTypeAdapterFactory.java:61) ~[minecraft_server.jar:?]
	at zs.a(SourceFile:505) ~[minecraft_server.jar:?]
	... 7 more
[00:38:32] [Server thread/INFO]: Preparing level "world"
[00:38:32] [Server thread/INFO]: Reloading ResourceManager: Default
[00:38:34] [Server thread/INFO]: Loaded 6 recipes
[00:38:35] [Server thread/INFO]: Loaded 811 advancements
[00:39:06] [Server thread/INFO]: Preparing start region for dimension minecraft:overworld
[00:39:07] [Server thread/INFO]: Preparing spawn area: 0%
[00:39:07] [Server thread/INFO]: Preparing spawn area: 0%
[00:39:07] [Server thread/INFO]: Preparing spawn area: 0%
[00:39:07] [Server thread/INFO]: Preparing spawn area: 0%
[00:39:08] [Server-Worker-1/INFO]: Preparing spawn area: 21%
[00:39:11] [Server-Worker-1/INFO]: Preparing spawn area: 72%
[00:39:11] [Server-Worker-1/INFO]: Preparing spawn area: 72%
[00:39:11] [Server-Worker-1/INFO]: Preparing spawn area: 72%
[00:39:11] [Server-Worker-1/INFO]: Preparing spawn area: 72%
[00:39:11] [Server-Worker-1/INFO]: Preparing spawn area: 72%
[00:39:11] [Server-Worker-1/INFO]: Preparing spawn area: 72%
[00:39:11] [Server-Worker-1/INFO]: Preparing spawn area: 72%
[00:39:12] [Server-Worker-1/INFO]: Preparing spawn area: 87%
[00:39:12] [Server-Worker-1/INFO]: Preparing spawn area: 87%
[00:39:13] [Server-Worker-1/INFO]: Preparing spawn area: 87%
[00:39:13] [Server-Worker-1/INFO]: Preparing spawn area: 87%
[00:39:14] [Server thread/INFO]: Preparing spawn area: 87%
[00:39:14] [Server-Worker-1/INFO]: Preparing spawn area: 90%
[00:39:15] [Server thread/INFO]: Preparing spawn area: 92%
[00:39:15] [Server-Worker-1/INFO]: Preparing spawn area: 95%
[00:39:16] [Server-Worker-1/INFO]: Preparing spawn area: 99%
[00:39:16] [Server thread/INFO]: Time elapsed: 10156 ms
[00:39:16] [Server thread/INFO]: Done (43.614s)! For help, type "help"
[00:40:36] [Server thread/INFO]: Stopping the server
[00:40:36] [Server thread/INFO]: Stopping server
[00:40:36] [Server thread/INFO]: Saving players
[00:40:36] [Server thread/INFO]: Saving worlds
[00:40:36] [Server thread/INFO]: Saving chunks for level 'world'/minecraft:the_nether
[00:40:36] [Server thread/INFO]: ThreadedAnvilChunkStorage (DIM-1): All chunks are saved
[00:40:36] [Server thread/INFO]: Saving chunks for level 'world'/minecraft:overworld
[00:40:37] [Server thread/INFO]: ThreadedAnvilChunkStorage (world): All chunks are saved
[00:40:37] [Server thread/INFO]: Saving chunks for level 'world'/minecraft:the_end
[00:40:37] [Server thread/INFO]: ThreadedAnvilChunkStorage (DIM1): All chunks are saved
[00:40:37] [Server thread/INFO]: ThreadedAnvilChunkStorage (DIM-1): All chunks are saved
[00:40:37] [Server thread/INFO]: ThreadedAnvilChunkStorage (world): All chunks are saved
[00:40:37] [Server thread/INFO]: ThreadedAnvilChunkStorage (DIM1): All chunks are saved
